<component name="libraryTable">
  <library name="junit-4.5 (3)">
    <CLASSES>
      <root url="jar://$PROJECT_DIR$/lab_2/lib/junit-4.5.jar!/" />
    </CLASSES>
    <JAVADOC />
    <SOURCES />
  </library>
</component>